[debug] [2018-01-11T13:01:53.045Z] ----------------------------------------------------------------------
[debug] [2018-01-11T13:01:53.047Z] Command:       C:\Program Files\nodejs\node.exe C:\Users\fales\AppData\Roaming\npm\node_modules\firebase-tools\bin\firebase serve
[debug] [2018-01-11T13:01:53.047Z] CLI Version:   3.16.0
[debug] [2018-01-11T13:01:53.047Z] Platform:      win32
[debug] [2018-01-11T13:01:53.047Z] Node Version:  v9.2.0
[debug] [2018-01-11T13:01:53.048Z] Time:          Thu Jan 11 2018 15:01:53 GMT+0200 (FLE Standard Time)
[debug] [2018-01-11T13:01:53.048Z] ----------------------------------------------------------------------
[debug] 
[debug] [2018-01-11T13:01:53.058Z] > command requires scopes: ["email","openid","https://www.googleapis.com/auth/cloudplatformprojects.readonly","https://www.googleapis.com/auth/firebase","https://www.googleapis.com/auth/cloud-platform"]
[debug] [2018-01-11T13:01:53.058Z] > authorizing via signed-in user
[debug] [2018-01-11T13:01:53.060Z] >>> HTTP REQUEST GET https://admin.firebase.com/v1/projects/robotpad-762de  
  
 Thu Jan 11 2018 15:01:53 GMT+0200 (FLE Standard Time)
[debug] [2018-01-11T13:01:53.997Z] <<< HTTP RESPONSE 200
[debug] [2018-01-11T13:01:53.998Z] >>> HTTP REQUEST GET https://admin.firebase.com/v1/database/robotpad-762de/tokens  
  
 Thu Jan 11 2018 15:01:53 GMT+0200 (FLE Standard Time)
[debug] [2018-01-11T13:01:54.898Z] <<< HTTP RESPONSE 200
[info] 
[info] === Serving from 'E:\Programming\Intertext\Projects\itemBox2.0r'...
[info] 
[debug] [2018-01-11T13:01:54.905Z] >>> HTTP REQUEST GET https://cloudresourcemanager.googleapis.com/v1/projects/robotpad-762de  
  
 Thu Jan 11 2018 15:01:54 GMT+0200 (FLE Standard Time)
[debug] [2018-01-11T13:01:55.785Z] <<< HTTP RESPONSE 200
[debug] [2018-01-11T13:01:55.786Z] >>> HTTP REQUEST GET https://mobilesdk-pa.googleapis.com/v1/projects/367260361571/clients/_:getWebAppConfig  
  
 Thu Jan 11 2018 15:01:55 GMT+0200 (FLE Standard Time)
[debug] [2018-01-11T13:01:56.297Z] <<< HTTP RESPONSE 200
[info] i  hosting: Serving hosting files from: /
[info] +  hosting: Local server: http://localhost:5000

